<?xml version="1.0" encoding="UTF-8"?>
<!-- Generated by org.testng.reporters.JUnitXMLReporter -->
<testsuite hostname="SD" ignored="0" name="Default test" tests="4" failures="0" timestamp="04 Apr 2020 16:27:21 GMT" time="207.926" errors="0">
  <testcase name="verifyContactLabelTest" time="1.773" classname="com.crm.qa.Testcases.ContactPageTest"/>
  <testcase name="validateCreateNewContact" time="2.782" classname="com.crm.qa.Testcases.ContactPageTest"/>
  <testcase name="validateCreateNewContact" time="3.632" classname="com.crm.qa.Testcases.ContactPageTest"/>
  <testcase name="validateCreateNewContact" time="22.228" classname="com.crm.qa.Testcases.ContactPageTest"/>
</testsuite> <!-- Default test -->
