<?xml version="1.0" encoding="UTF-8"?>
<!-- Generated by org.testng.reporters.JUnitXMLReporter -->
<testsuite hostname="SD" ignored="0" name="Test" tests="8" failures="0" timestamp="28 Mar 2020 23:35:18 GMT" time="210.911" errors="0">
  <testcase name="LoginPageTitleTest" time="0.018" classname="com.crm.qa.Testcases.LoginPageTest"/>
  <testcase name="CrmlogoTest" time="0.039" classname="com.crm.qa.Testcases.LoginPageTest"/>
  <testcase name="logintest" time="14.409" classname="com.crm.qa.Testcases.LoginPageTest"/>
  <testcase name="verifyHomePageTest" time="0.017" classname="com.crm.qa.Testcases.HomePageTest"/>
  <testcase name="verifyUserNameTest" time="0.075" classname="com.crm.qa.Testcases.HomePageTest"/>
  <testcase name="verfiyContactsLinktest" time="3.442" classname="com.crm.qa.Testcases.HomePageTest"/>
  <testcase name="verifyDealLinkTest" time="3.063" classname="com.crm.qa.Testcases.HomePageTest"/>
  <testcase name="verifyContactLabelTest" time="0.033" classname="com.crm.qa.Testcases.ContactPageTest"/>
</testsuite> <!-- Test -->
