<?xml version="1.0" encoding="UTF-8"?>
<!-- Generated by org.testng.reporters.JUnitXMLReporter -->
<testsuite hostname="SD" ignored="0" name="CRM Test" tests="11" failures="0" timestamp="05 Apr 2020 10:28:27 GMT" time="251.241" errors="0">
  <testcase name="LoginPageTitleTest" time="0.056" classname="com.crm.qa.Testcases.LoginPageTest"/>
  <testcase name="verifyHomePageTest" time="0.009" classname="com.crm.qa.Testcases.HomePageTest"/>
  <testcase name="verifyContactLabelTest" time="1.619" classname="com.crm.qa.Testcases.ContactPageTest"/>
  <testcase name="CrmlogoTest" time="0.032" classname="com.crm.qa.Testcases.LoginPageTest"/>
  <testcase name="verifyUserNameTest" time="0.07" classname="com.crm.qa.Testcases.HomePageTest"/>
  <testcase name="validateCreateNewContact" time="2.542" classname="com.crm.qa.Testcases.ContactPageTest"/>
  <testcase name="validateCreateNewContact" time="2.501" classname="com.crm.qa.Testcases.ContactPageTest"/>
  <testcase name="validateCreateNewContact" time="2.607" classname="com.crm.qa.Testcases.ContactPageTest"/>
  <testcase name="logintest" time="12.688" classname="com.crm.qa.Testcases.LoginPageTest"/>
  <testcase name="verfiyContactsLinktest" time="1.7" classname="com.crm.qa.Testcases.HomePageTest"/>
  <testcase name="verifyDealLinkTest" time="1.646" classname="com.crm.qa.Testcases.HomePageTest"/>
</testsuite> <!-- CRM Test -->
